2022-09-04 15:23:50,295 INFO org.springframework.boot.StartupInfoLogger [main] Starting ServiceApplication using Java 17.0.4 on riyas-air.lan with PID 45348 (/Users/riyakadakia/git/workconnections/3.0/service/target/classes started by riyakadakia in /Users/riyakadakia/git/workconnections/3.0/service)
2022-09-04 15:23:50,307 INFO org.springframework.boot.SpringApplication [main] No active profile set, falling back to 1 default profile: "default"
2022-09-04 15:23:51,875 INFO org.springframework.data.repository.config.RepositoryConfigurationDelegate [main] Bootstrapping Spring Data MongoDB repositories in DEFAULT mode.
2022-09-04 15:23:52,068 INFO org.springframework.data.repository.config.RepositoryConfigurationDelegate [main] Finished Spring Data repository scanning in 177 ms. Found 8 MongoDB repository interfaces.
2022-09-04 15:23:53,322 INFO org.springframework.boot.web.embedded.tomcat.TomcatWebServer [main] Tomcat initialized with port(s): 8080 (http)
2022-09-04 15:23:53,347 INFO org.apache.juli.logging.DirectJDKLog [main] Initializing ProtocolHandler ["http-nio-8080"]
2022-09-04 15:23:53,349 INFO org.apache.juli.logging.DirectJDKLog [main] Starting service [Tomcat]
2022-09-04 15:23:53,350 INFO org.apache.juli.logging.DirectJDKLog [main] Starting Servlet engine: [Apache Tomcat/9.0.64]
2022-09-04 15:23:53,551 INFO org.apache.juli.logging.DirectJDKLog [main] Initializing Spring embedded WebApplicationContext
2022-09-04 15:23:53,551 INFO org.springframework.boot.web.servlet.context.ServletWebServerApplicationContext [main] Root WebApplicationContext: initialization completed in 3116 ms
2022-09-04 15:23:54,208 INFO com.mongodb.diagnostics.logging.SLF4JLogger [cluster-ClusterId{value='6315257a0f866e6dd1a6f20f', description='null'}-srv-cluster0.vmx216w.mongodb.net] Adding discovered server ac-bw3owsw-shard-00-01.vmx216w.mongodb.net:27017 to client view of cluster
2022-09-04 15:23:54,249 INFO com.mongodb.diagnostics.logging.SLF4JLogger [main] MongoClient with metadata {"driver": {"name": "mongo-java-driver|sync|spring-boot", "version": "4.6.1"}, "os": {"type": "Darwin", "name": "Mac OS X", "architecture": "x86_64", "version": "12.5.1"}, "platform": "Java/Eclipse Adoptium/17.0.4+8"} created with settings MongoClientSettings{readPreference=primary, writeConcern=WriteConcern{w=majority, wTimeout=null ms, journal=null}, retryWrites=true, retryReads=true, readConcern=ReadConcern{level=null}, credential=MongoCredential{mechanism=null, userName='riyakadakia', source='admin', password=<hidden>, mechanismProperties=<hidden>}, streamFactoryFactory=null, commandListeners=[], codecRegistry=ProvidersCodecRegistry{codecProviders=[ValueCodecProvider{}, BsonValueCodecProvider{}, DBRefCodecProvider{}, DBObjectCodecProvider{}, DocumentCodecProvider{}, IterableCodecProvider{}, MapCodecProvider{}, GeoJsonCodecProvider{}, GridFSFileCodecProvider{}, Jsr310CodecProvider{}, JsonObjectCodecProvider{}, BsonCodecProvider{}, EnumCodecProvider{}, com.mongodb.Jep395RecordCodecProvider@388c519]}, clusterSettings={hosts=[127.0.0.1:27017], srvHost=cluster0.vmx216w.mongodb.net, srvServiceName=mongodb, mode=MULTIPLE, requiredClusterType=REPLICA_SET, requiredReplicaSetName='atlas-xhtr04-shard-0', serverSelector='null', clusterListeners='[]', serverSelectionTimeout='30000 ms', localThreshold='30000 ms'}, socketSettings=SocketSettings{connectTimeoutMS=10000, readTimeoutMS=0, receiveBufferSize=0, sendBufferSize=0}, heartbeatSocketSettings=SocketSettings{connectTimeoutMS=10000, readTimeoutMS=10000, receiveBufferSize=0, sendBufferSize=0}, connectionPoolSettings=ConnectionPoolSettings{maxSize=100, minSize=0, maxWaitTimeMS=120000, maxConnectionLifeTimeMS=0, maxConnectionIdleTimeMS=0, maintenanceInitialDelayMS=0, maintenanceFrequencyMS=60000, connectionPoolListeners=[], maxConnecting=2}, serverSettings=ServerSettings{heartbeatFrequencyMS=10000, minHeartbeatFrequencyMS=500, serverListeners='[]', serverMonitorListeners='[]'}, sslSettings=SslSettings{enabled=true, invalidHostNameAllowed=false, context=null}, applicationName='null', compressorList=[], uuidRepresentation=JAVA_LEGACY, serverApi=null, autoEncryptionSettings=null, contextProvider=null}
2022-09-04 15:23:54,289 INFO com.mongodb.diagnostics.logging.SLF4JLogger [cluster-ClusterId{value='6315257a0f866e6dd1a6f20f', description='null'}-srv-cluster0.vmx216w.mongodb.net] Adding discovered server ac-bw3owsw-shard-00-02.vmx216w.mongodb.net:27017 to client view of cluster
2022-09-04 15:23:54,293 INFO com.mongodb.diagnostics.logging.SLF4JLogger [cluster-ClusterId{value='6315257a0f866e6dd1a6f20f', description='null'}-srv-cluster0.vmx216w.mongodb.net] Adding discovered server ac-bw3owsw-shard-00-00.vmx216w.mongodb.net:27017 to client view of cluster
2022-09-04 15:23:55,128 INFO com.mongodb.diagnostics.logging.SLF4JLogger [cluster-ClusterId{value='6315257a0f866e6dd1a6f20f', description='null'}-ac-bw3owsw-shard-00-00.vmx216w.mongodb.net:27017] Opened connection [connectionId{localValue:2, serverValue:586708}] to ac-bw3owsw-shard-00-00.vmx216w.mongodb.net:27017
2022-09-04 15:23:55,128 INFO com.mongodb.diagnostics.logging.SLF4JLogger [cluster-rtt-ClusterId{value='6315257a0f866e6dd1a6f20f', description='null'}-ac-bw3owsw-shard-00-00.vmx216w.mongodb.net:27017] Opened connection [connectionId{localValue:3, serverValue:586708}] to ac-bw3owsw-shard-00-00.vmx216w.mongodb.net:27017
2022-09-04 15:23:55,128 INFO com.mongodb.diagnostics.logging.SLF4JLogger [cluster-rtt-ClusterId{value='6315257a0f866e6dd1a6f20f', description='null'}-ac-bw3owsw-shard-00-01.vmx216w.mongodb.net:27017] Opened connection [connectionId{localValue:4, serverValue:594654}] to ac-bw3owsw-shard-00-01.vmx216w.mongodb.net:27017
2022-09-04 15:23:55,128 INFO com.mongodb.diagnostics.logging.SLF4JLogger [cluster-ClusterId{value='6315257a0f866e6dd1a6f20f', description='null'}-ac-bw3owsw-shard-00-02.vmx216w.mongodb.net:27017] Opened connection [connectionId{localValue:5, serverValue:582828}] to ac-bw3owsw-shard-00-02.vmx216w.mongodb.net:27017
2022-09-04 15:23:55,128 INFO com.mongodb.diagnostics.logging.SLF4JLogger [cluster-ClusterId{value='6315257a0f866e6dd1a6f20f', description='null'}-ac-bw3owsw-shard-00-01.vmx216w.mongodb.net:27017] Opened connection [connectionId{localValue:1, serverValue:594654}] to ac-bw3owsw-shard-00-01.vmx216w.mongodb.net:27017
2022-09-04 15:23:55,129 INFO com.mongodb.diagnostics.logging.SLF4JLogger [cluster-ClusterId{value='6315257a0f866e6dd1a6f20f', description='null'}-ac-bw3owsw-shard-00-01.vmx216w.mongodb.net:27017] Monitor thread successfully connected to server with description ServerDescription{address=ac-bw3owsw-shard-00-01.vmx216w.mongodb.net:27017, type=REPLICA_SET_SECONDARY, state=CONNECTED, ok=true, minWireVersion=0, maxWireVersion=13, maxDocumentSize=16777216, logicalSessionTimeoutMinutes=30, roundTripTimeNanos=444772940, setName='atlas-xhtr04-shard-0', canonicalAddress=ac-bw3owsw-shard-00-01.vmx216w.mongodb.net:27017, hosts=[ac-bw3owsw-shard-00-00.vmx216w.mongodb.net:27017, ac-bw3owsw-shard-00-02.vmx216w.mongodb.net:27017, ac-bw3owsw-shard-00-01.vmx216w.mongodb.net:27017], passives=[], arbiters=[], primary='ac-bw3owsw-shard-00-02.vmx216w.mongodb.net:27017', tagSet=TagSet{[Tag{name='nodeType', value='ELECTABLE'}, Tag{name='provider', value='AWS'}, Tag{name='region', value='US_EAST_1'}, Tag{name='workloadType', value='OPERATIONAL'}]}, electionId=null, setVersion=11, topologyVersion=TopologyVersion{processId=6305093ab7afbe048adee9be, counter=11}, lastWriteDate=Sun Sep 04 15:23:55 PDT 2022, lastUpdateTimeNanos=152881766708751}
2022-09-04 15:23:55,130 INFO com.mongodb.diagnostics.logging.SLF4JLogger [cluster-ClusterId{value='6315257a0f866e6dd1a6f20f', description='null'}-ac-bw3owsw-shard-00-00.vmx216w.mongodb.net:27017] Monitor thread successfully connected to server with description ServerDescription{address=ac-bw3owsw-shard-00-00.vmx216w.mongodb.net:27017, type=REPLICA_SET_SECONDARY, state=CONNECTED, ok=true, minWireVersion=0, maxWireVersion=13, maxDocumentSize=16777216, logicalSessionTimeoutMinutes=30, roundTripTimeNanos=445781327, setName='atlas-xhtr04-shard-0', canonicalAddress=ac-bw3owsw-shard-00-00.vmx216w.mongodb.net:27017, hosts=[ac-bw3owsw-shard-00-00.vmx216w.mongodb.net:27017, ac-bw3owsw-shard-00-02.vmx216w.mongodb.net:27017, ac-bw3owsw-shard-00-01.vmx216w.mongodb.net:27017], passives=[], arbiters=[], primary='ac-bw3owsw-shard-00-02.vmx216w.mongodb.net:27017', tagSet=TagSet{[Tag{name='nodeType', value='ELECTABLE'}, Tag{name='provider', value='AWS'}, Tag{name='region', value='US_EAST_1'}, Tag{name='workloadType', value='OPERATIONAL'}]}, electionId=null, setVersion=11, topologyVersion=TopologyVersion{processId=630508e701b33d5a3e910309, counter=9}, lastWriteDate=Sun Sep 04 15:23:55 PDT 2022, lastUpdateTimeNanos=152881767827187}
2022-09-04 15:23:55,129 INFO com.mongodb.diagnostics.logging.SLF4JLogger [cluster-ClusterId{value='6315257a0f866e6dd1a6f20f', description='null'}-ac-bw3owsw-shard-00-02.vmx216w.mongodb.net:27017] Monitor thread successfully connected to server with description ServerDescription{address=ac-bw3owsw-shard-00-02.vmx216w.mongodb.net:27017, type=REPLICA_SET_PRIMARY, state=CONNECTED, ok=true, minWireVersion=0, maxWireVersion=13, maxDocumentSize=16777216, logicalSessionTimeoutMinutes=30, roundTripTimeNanos=445360699, setName='atlas-xhtr04-shard-0', canonicalAddress=ac-bw3owsw-shard-00-02.vmx216w.mongodb.net:27017, hosts=[ac-bw3owsw-shard-00-00.vmx216w.mongodb.net:27017, ac-bw3owsw-shard-00-02.vmx216w.mongodb.net:27017, ac-bw3owsw-shard-00-01.vmx216w.mongodb.net:27017], passives=[], arbiters=[], primary='ac-bw3owsw-shard-00-02.vmx216w.mongodb.net:27017', tagSet=TagSet{[Tag{name='nodeType', value='ELECTABLE'}, Tag{name='provider', value='AWS'}, Tag{name='region', value='US_EAST_1'}, Tag{name='workloadType', value='OPERATIONAL'}]}, electionId=7fffffff0000000000000198, setVersion=11, topologyVersion=TopologyVersion{processId=630509910c2dddaf63b6c0f8, counter=7}, lastWriteDate=Sun Sep 04 15:23:55 PDT 2022, lastUpdateTimeNanos=152881767264122}
2022-09-04 15:23:55,128 INFO com.mongodb.diagnostics.logging.SLF4JLogger [cluster-rtt-ClusterId{value='6315257a0f866e6dd1a6f20f', description='null'}-ac-bw3owsw-shard-00-02.vmx216w.mongodb.net:27017] Opened connection [connectionId{localValue:6, serverValue:582828}] to ac-bw3owsw-shard-00-02.vmx216w.mongodb.net:27017
2022-09-04 15:23:55,142 INFO com.mongodb.diagnostics.logging.SLF4JLogger [cluster-ClusterId{value='6315257a0f866e6dd1a6f20f', description='null'}-ac-bw3owsw-shard-00-02.vmx216w.mongodb.net:27017] Setting max election id to 7fffffff0000000000000198 from replica set primary ac-bw3owsw-shard-00-02.vmx216w.mongodb.net:27017
2022-09-04 15:23:55,143 INFO com.mongodb.diagnostics.logging.SLF4JLogger [cluster-ClusterId{value='6315257a0f866e6dd1a6f20f', description='null'}-ac-bw3owsw-shard-00-02.vmx216w.mongodb.net:27017] Setting max set version to 11 from replica set primary ac-bw3owsw-shard-00-02.vmx216w.mongodb.net:27017
2022-09-04 15:23:55,144 INFO com.mongodb.diagnostics.logging.SLF4JLogger [cluster-ClusterId{value='6315257a0f866e6dd1a6f20f', description='null'}-ac-bw3owsw-shard-00-02.vmx216w.mongodb.net:27017] Discovered replica set primary ac-bw3owsw-shard-00-02.vmx216w.mongodb.net:27017
2022-09-04 15:23:57,207 INFO org.apache.juli.logging.DirectJDKLog [main] Starting ProtocolHandler ["http-nio-8080"]
2022-09-04 15:23:57,242 INFO org.springframework.boot.web.embedded.tomcat.TomcatWebServer [main] Tomcat started on port(s): 8080 (http) with context path ''
2022-09-04 15:23:57,259 INFO org.springframework.boot.StartupInfoLogger [main] Started ServiceApplication in 8.138 seconds (JVM running for 9.923)
2022-09-04 15:25:47,777 INFO org.apache.juli.logging.DirectJDKLog [http-nio-8080-exec-1] Initializing Spring DispatcherServlet 'dispatcherServlet'
2022-09-04 15:25:47,778 INFO org.springframework.web.servlet.FrameworkServlet [http-nio-8080-exec-1] Initializing Servlet 'dispatcherServlet'
2022-09-04 15:25:47,782 INFO org.springframework.web.servlet.FrameworkServlet [http-nio-8080-exec-1] Completed initialization in 4 ms
2022-09-04 15:25:48,678 INFO com.mongodb.diagnostics.logging.SLF4JLogger [http-nio-8080-exec-1] Opened connection [connectionId{localValue:7, serverValue:582952}] to ac-bw3owsw-shard-00-02.vmx216w.mongodb.net:27017
2022-09-04 15:52:54,352 INFO com.mongodb.diagnostics.logging.SLF4JLogger [cluster-ClusterId{value='6315257a0f866e6dd1a6f20f', description='null'}-ac-bw3owsw-shard-00-01.vmx216w.mongodb.net:27017] Exception in monitor thread while connecting to server ac-bw3owsw-shard-00-01.vmx216w.mongodb.net:27017
com.mongodb.MongoSocketReadTimeoutException: Timeout while receiving message
	at com.mongodb.internal.connection.InternalStreamConnection.translateReadException(InternalStreamConnection.java:696)
	at com.mongodb.internal.connection.InternalStreamConnection.receiveMessageWithAdditionalTimeout(InternalStreamConnection.java:574)
	at com.mongodb.internal.connection.InternalStreamConnection.receiveCommandMessageResponse(InternalStreamConnection.java:410)
	at com.mongodb.internal.connection.InternalStreamConnection.receive(InternalStreamConnection.java:369)
	at com.mongodb.internal.connection.DefaultServerMonitor$ServerMonitorRunnable.lookupServerDescription(DefaultServerMonitor.java:221)
	at com.mongodb.internal.connection.DefaultServerMonitor$ServerMonitorRunnable.run(DefaultServerMonitor.java:157)
	at java.base/java.lang.Thread.run(Thread.java:833)
Caused by: java.net.SocketTimeoutException: Read timed out
	at java.base/sun.nio.ch.NioSocketImpl.timedRead(NioSocketImpl.java:283)
	at java.base/sun.nio.ch.NioSocketImpl.implRead(NioSocketImpl.java:309)
	at java.base/sun.nio.ch.NioSocketImpl.read(NioSocketImpl.java:350)
	at java.base/sun.nio.ch.NioSocketImpl$1.read(NioSocketImpl.java:803)
	at java.base/java.net.Socket$SocketInputStream.read(Socket.java:966)
	at java.base/sun.security.ssl.SSLSocketInputRecord.read(SSLSocketInputRecord.java:478)
	at java.base/sun.security.ssl.SSLSocketInputRecord.readHeader(SSLSocketInputRecord.java:472)
	at java.base/sun.security.ssl.SSLSocketInputRecord.bytesInCompletePacket(SSLSocketInputRecord.java:70)
	at java.base/sun.security.ssl.SSLSocketImpl.readApplicationRecord(SSLSocketImpl.java:1460)
	at java.base/sun.security.ssl.SSLSocketImpl$AppInputStream.read(SSLSocketImpl.java:1064)
	at com.mongodb.internal.connection.SocketStream.read(SocketStream.java:110)
	at com.mongodb.internal.connection.SocketStream.read(SocketStream.java:135)
	at com.mongodb.internal.connection.InternalStreamConnection.receiveResponseBuffers(InternalStreamConnection.java:713)
	at com.mongodb.internal.connection.InternalStreamConnection.receiveMessageWithAdditionalTimeout(InternalStreamConnection.java:571)
	... 5 common frames omitted
2022-09-04 15:52:54,353 INFO com.mongodb.diagnostics.logging.SLF4JLogger [cluster-ClusterId{value='6315257a0f866e6dd1a6f20f', description='null'}-ac-bw3owsw-shard-00-00.vmx216w.mongodb.net:27017] Exception in monitor thread while connecting to server ac-bw3owsw-shard-00-00.vmx216w.mongodb.net:27017
com.mongodb.MongoSocketReadTimeoutException: Timeout while receiving message
	at com.mongodb.internal.connection.InternalStreamConnection.translateReadException(InternalStreamConnection.java:696)
	at com.mongodb.internal.connection.InternalStreamConnection.receiveMessageWithAdditionalTimeout(InternalStreamConnection.java:574)
	at com.mongodb.internal.connection.InternalStreamConnection.receiveCommandMessageResponse(InternalStreamConnection.java:410)
	at com.mongodb.internal.connection.InternalStreamConnection.receive(InternalStreamConnection.java:369)
	at com.mongodb.internal.connection.DefaultServerMonitor$ServerMonitorRunnable.lookupServerDescription(DefaultServerMonitor.java:221)
	at com.mongodb.internal.connection.DefaultServerMonitor$ServerMonitorRunnable.run(DefaultServerMonitor.java:157)
	at java.base/java.lang.Thread.run(Thread.java:833)
Caused by: java.net.SocketTimeoutException: Read timed out
	at java.base/sun.nio.ch.NioSocketImpl.timedRead(NioSocketImpl.java:283)
	at java.base/sun.nio.ch.NioSocketImpl.implRead(NioSocketImpl.java:309)
	at java.base/sun.nio.ch.NioSocketImpl.read(NioSocketImpl.java:350)
	at java.base/sun.nio.ch.NioSocketImpl$1.read(NioSocketImpl.java:803)
	at java.base/java.net.Socket$SocketInputStream.read(Socket.java:966)
	at java.base/sun.security.ssl.SSLSocketInputRecord.read(SSLSocketInputRecord.java:478)
	at java.base/sun.security.ssl.SSLSocketInputRecord.readHeader(SSLSocketInputRecord.java:472)
	at java.base/sun.security.ssl.SSLSocketInputRecord.bytesInCompletePacket(SSLSocketInputRecord.java:70)
	at java.base/sun.security.ssl.SSLSocketImpl.readApplicationRecord(SSLSocketImpl.java:1460)
	at java.base/sun.security.ssl.SSLSocketImpl$AppInputStream.read(SSLSocketImpl.java:1064)
	at com.mongodb.internal.connection.SocketStream.read(SocketStream.java:110)
	at com.mongodb.internal.connection.SocketStream.read(SocketStream.java:135)
	at com.mongodb.internal.connection.InternalStreamConnection.receiveResponseBuffers(InternalStreamConnection.java:713)
	at com.mongodb.internal.connection.InternalStreamConnection.receiveMessageWithAdditionalTimeout(InternalStreamConnection.java:571)
	... 5 common frames omitted
2022-09-04 15:52:54,449 INFO com.mongodb.diagnostics.logging.SLF4JLogger [cluster-ClusterId{value='6315257a0f866e6dd1a6f20f', description='null'}-ac-bw3owsw-shard-00-02.vmx216w.mongodb.net:27017] Exception in monitor thread while connecting to server ac-bw3owsw-shard-00-02.vmx216w.mongodb.net:27017
com.mongodb.MongoSocketReadTimeoutException: Timeout while receiving message
	at com.mongodb.internal.connection.InternalStreamConnection.translateReadException(InternalStreamConnection.java:696)
	at com.mongodb.internal.connection.InternalStreamConnection.receiveMessageWithAdditionalTimeout(InternalStreamConnection.java:574)
	at com.mongodb.internal.connection.InternalStreamConnection.receiveCommandMessageResponse(InternalStreamConnection.java:410)
	at com.mongodb.internal.connection.InternalStreamConnection.receive(InternalStreamConnection.java:369)
	at com.mongodb.internal.connection.DefaultServerMonitor$ServerMonitorRunnable.lookupServerDescription(DefaultServerMonitor.java:221)
	at com.mongodb.internal.connection.DefaultServerMonitor$ServerMonitorRunnable.run(DefaultServerMonitor.java:157)
	at java.base/java.lang.Thread.run(Thread.java:833)
Caused by: java.net.SocketTimeoutException: Read timed out
	at java.base/sun.nio.ch.NioSocketImpl.timedRead(NioSocketImpl.java:283)
	at java.base/sun.nio.ch.NioSocketImpl.implRead(NioSocketImpl.java:309)
	at java.base/sun.nio.ch.NioSocketImpl.read(NioSocketImpl.java:350)
	at java.base/sun.nio.ch.NioSocketImpl$1.read(NioSocketImpl.java:803)
	at java.base/java.net.Socket$SocketInputStream.read(Socket.java:966)
	at java.base/sun.security.ssl.SSLSocketInputRecord.read(SSLSocketInputRecord.java:478)
	at java.base/sun.security.ssl.SSLSocketInputRecord.readHeader(SSLSocketInputRecord.java:472)
	at java.base/sun.security.ssl.SSLSocketInputRecord.bytesInCompletePacket(SSLSocketInputRecord.java:70)
	at java.base/sun.security.ssl.SSLSocketImpl.readApplicationRecord(SSLSocketImpl.java:1460)
	at java.base/sun.security.ssl.SSLSocketImpl$AppInputStream.read(SSLSocketImpl.java:1064)
	at com.mongodb.internal.connection.SocketStream.read(SocketStream.java:110)
	at com.mongodb.internal.connection.SocketStream.read(SocketStream.java:135)
	at com.mongodb.internal.connection.InternalStreamConnection.receiveResponseBuffers(InternalStreamConnection.java:713)
	at com.mongodb.internal.connection.InternalStreamConnection.receiveMessageWithAdditionalTimeout(InternalStreamConnection.java:571)
	... 5 common frames omitted
2022-09-04 15:52:54,755 INFO com.mongodb.diagnostics.logging.SLF4JLogger [cluster-ClusterId{value='6315257a0f866e6dd1a6f20f', description='null'}-ac-bw3owsw-shard-00-01.vmx216w.mongodb.net:27017] Opened connection [connectionId{localValue:9, serverValue:595427}] to ac-bw3owsw-shard-00-01.vmx216w.mongodb.net:27017
2022-09-04 15:52:54,757 INFO com.mongodb.diagnostics.logging.SLF4JLogger [cluster-ClusterId{value='6315257a0f866e6dd1a6f20f', description='null'}-ac-bw3owsw-shard-00-01.vmx216w.mongodb.net:27017] Monitor thread successfully connected to server with description ServerDescription{address=ac-bw3owsw-shard-00-01.vmx216w.mongodb.net:27017, type=REPLICA_SET_SECONDARY, state=CONNECTED, ok=true, minWireVersion=0, maxWireVersion=13, maxDocumentSize=16777216, logicalSessionTimeoutMinutes=30, roundTripTimeNanos=240933550, setName='atlas-xhtr04-shard-0', canonicalAddress=ac-bw3owsw-shard-00-01.vmx216w.mongodb.net:27017, hosts=[ac-bw3owsw-shard-00-00.vmx216w.mongodb.net:27017, ac-bw3owsw-shard-00-02.vmx216w.mongodb.net:27017, ac-bw3owsw-shard-00-01.vmx216w.mongodb.net:27017], passives=[], arbiters=[], primary='ac-bw3owsw-shard-00-02.vmx216w.mongodb.net:27017', tagSet=TagSet{[Tag{name='nodeType', value='ELECTABLE'}, Tag{name='provider', value='AWS'}, Tag{name='region', value='US_EAST_1'}, Tag{name='workloadType', value='OPERATIONAL'}]}, electionId=null, setVersion=11, topologyVersion=TopologyVersion{processId=6305093ab7afbe048adee9be, counter=11}, lastWriteDate=Sun Sep 04 15:52:54 PDT 2022, lastUpdateTimeNanos=154483587403510}
2022-09-04 15:52:54,760 INFO com.mongodb.diagnostics.logging.SLF4JLogger [cluster-ClusterId{value='6315257a0f866e6dd1a6f20f', description='null'}-ac-bw3owsw-shard-00-00.vmx216w.mongodb.net:27017] Opened connection [connectionId{localValue:8, serverValue:587492}] to ac-bw3owsw-shard-00-00.vmx216w.mongodb.net:27017
2022-09-04 15:52:54,761 INFO com.mongodb.diagnostics.logging.SLF4JLogger [cluster-ClusterId{value='6315257a0f866e6dd1a6f20f', description='null'}-ac-bw3owsw-shard-00-00.vmx216w.mongodb.net:27017] Monitor thread successfully connected to server with description ServerDescription{address=ac-bw3owsw-shard-00-00.vmx216w.mongodb.net:27017, type=REPLICA_SET_SECONDARY, state=CONNECTED, ok=true, minWireVersion=0, maxWireVersion=13, maxDocumentSize=16777216, logicalSessionTimeoutMinutes=30, roundTripTimeNanos=243499654, setName='atlas-xhtr04-shard-0', canonicalAddress=ac-bw3owsw-shard-00-00.vmx216w.mongodb.net:27017, hosts=[ac-bw3owsw-shard-00-00.vmx216w.mongodb.net:27017, ac-bw3owsw-shard-00-02.vmx216w.mongodb.net:27017, ac-bw3owsw-shard-00-01.vmx216w.mongodb.net:27017], passives=[], arbiters=[], primary='ac-bw3owsw-shard-00-02.vmx216w.mongodb.net:27017', tagSet=TagSet{[Tag{name='nodeType', value='ELECTABLE'}, Tag{name='provider', value='AWS'}, Tag{name='region', value='US_EAST_1'}, Tag{name='workloadType', value='OPERATIONAL'}]}, electionId=null, setVersion=11, topologyVersion=TopologyVersion{processId=630508e701b33d5a3e910309, counter=9}, lastWriteDate=Sun Sep 04 15:52:54 PDT 2022, lastUpdateTimeNanos=154483592002630}
2022-09-04 15:52:54,786 INFO com.mongodb.diagnostics.logging.SLF4JLogger [cluster-ClusterId{value='6315257a0f866e6dd1a6f20f', description='null'}-ac-bw3owsw-shard-00-02.vmx216w.mongodb.net:27017] Opened connection [connectionId{localValue:10, serverValue:583976}] to ac-bw3owsw-shard-00-02.vmx216w.mongodb.net:27017
2022-09-04 15:52:54,787 INFO com.mongodb.diagnostics.logging.SLF4JLogger [cluster-ClusterId{value='6315257a0f866e6dd1a6f20f', description='null'}-ac-bw3owsw-shard-00-02.vmx216w.mongodb.net:27017] Monitor thread successfully connected to server with description ServerDescription{address=ac-bw3owsw-shard-00-02.vmx216w.mongodb.net:27017, type=REPLICA_SET_PRIMARY, state=CONNECTED, ok=true, minWireVersion=0, maxWireVersion=13, maxDocumentSize=16777216, logicalSessionTimeoutMinutes=30, roundTripTimeNanos=205310713, setName='atlas-xhtr04-shard-0', canonicalAddress=ac-bw3owsw-shard-00-02.vmx216w.mongodb.net:27017, hosts=[ac-bw3owsw-shard-00-00.vmx216w.mongodb.net:27017, ac-bw3owsw-shard-00-02.vmx216w.mongodb.net:27017, ac-bw3owsw-shard-00-01.vmx216w.mongodb.net:27017], passives=[], arbiters=[], primary='ac-bw3owsw-shard-00-02.vmx216w.mongodb.net:27017', tagSet=TagSet{[Tag{name='nodeType', value='ELECTABLE'}, Tag{name='provider', value='AWS'}, Tag{name='region', value='US_EAST_1'}, Tag{name='workloadType', value='OPERATIONAL'}]}, electionId=7fffffff0000000000000198, setVersion=11, topologyVersion=TopologyVersion{processId=630509910c2dddaf63b6c0f8, counter=7}, lastWriteDate=Sun Sep 04 15:52:54 PDT 2022, lastUpdateTimeNanos=154483618808998}
2022-09-04 15:52:54,788 INFO com.mongodb.diagnostics.logging.SLF4JLogger [cluster-ClusterId{value='6315257a0f866e6dd1a6f20f', description='null'}-ac-bw3owsw-shard-00-02.vmx216w.mongodb.net:27017] Discovered replica set primary ac-bw3owsw-shard-00-02.vmx216w.mongodb.net:27017
